CRITICAL - 2021-04-26 20:32:36 --> The framework needs the following extension(s) installed and loaded: {0}.
#0 C:\xampp\htdocs\moe\system\CodeIgniter.php(224): CodeIgniter\Exceptions\FrameworkException::forMissingExtension('intl')
#1 C:\xampp\htdocs\moe\system\CodeIgniter.php(172): CodeIgniter\CodeIgniter->resolvePlatformExtensions()
#2 C:\xampp\htdocs\moe\system\bootstrap.php(159): CodeIgniter\CodeIgniter->initialize()
#3 C:\xampp\htdocs\moe\spark(53): require('C:\\xampp\\htdocs...')
#4 {main}
CRITICAL - 2021-04-26 20:35:52 --> The framework needs the following extension(s) installed and loaded: {0}.
#0 C:\xampp\htdocs\moe\system\CodeIgniter.php(224): CodeIgniter\Exceptions\FrameworkException::forMissingExtension('intl')
#1 C:\xampp\htdocs\moe\system\CodeIgniter.php(172): CodeIgniter\CodeIgniter->resolvePlatformExtensions()
#2 C:\xampp\htdocs\moe\system\bootstrap.php(159): CodeIgniter\CodeIgniter->initialize()
#3 C:\xampp\htdocs\moe\spark(53): require('C:\\xampp\\htdocs...')
#4 {main}
ERROR - 2021-04-26 13:52:10 --> mysqli_sql_exception: Table 'moe_db.users' doesn't exist in C:\xampp\htdocs\moe\system\Database\MySQLi\Connection.php:314
Stack trace:
#0 C:\xampp\htdocs\moe\system\Database\MySQLi\Connection.php(314): mysqli->query('SELECT 1\nFROM `...')
#1 C:\xampp\htdocs\moe\system\Database\BaseConnection.php(713): CodeIgniter\Database\MySQLi\Connection->execute('SELECT 1\nFROM `...')
#2 C:\xampp\htdocs\moe\system\Database\BaseConnection.php(641): CodeIgniter\Database\BaseConnection->simpleQuery('SELECT 1\nFROM `...')
#3 C:\xampp\htdocs\moe\system\Database\BaseBuilder.php(1866): CodeIgniter\Database\BaseConnection->query('SELECT 1\nFROM `...', Array, false)
#4 C:\xampp\htdocs\moe\system\Validation\Rules.php(212): CodeIgniter\Database\BaseBuilder->get()
#5 C:\xampp\htdocs\moe\system\Validation\Validation.php(306): CodeIgniter\Validation\Rules->is_unique('email@this.com', 'user_email', Array, NULL)
#6 C:\xampp\htdocs\moe\system\Validation\Validation.php(164): CodeIgniter\Validation\Validation->processRules('email', 'email', 'email@this.com', Array, Array)
#7 C:\xampp\htdocs\moe\system\Controller.php(181): CodeIgniter\Validation\Validation->run()
#8 C:\xampp\htdocs\moe\app\Controllers\Registrar.php(27): CodeIgniter\Controller->validate(Array)
#9 C:\xampp\htdocs\moe\system\CodeIgniter.php(936): App\Controllers\Registrar->save()
#10 C:\xampp\htdocs\moe\system\CodeIgniter.php(432): CodeIgniter\CodeIgniter->runController(Object(App\Controllers\Registrar))
#11 C:\xampp\htdocs\moe\system\CodeIgniter.php(333): CodeIgniter\CodeIgniter->handleRequest(NULL, Object(Config\Cache), false)
#12 C:\xampp\htdocs\moe\public\index.php(44): CodeIgniter\CodeIgniter->run()
#13 C:\xampp\htdocs\moe\system\Commands\Server\rewrite.php(45): require_once('C:\\xampp\\htdocs...')
#14 {main}
CRITICAL - 2021-04-26 13:52:10 --> Table 'moe_db.users' doesn't exist
#0 C:\xampp\htdocs\moe\system\Database\MySQLi\Connection.php(314): mysqli->query('SELECT 1\nFROM `...')
#1 C:\xampp\htdocs\moe\system\Database\BaseConnection.php(713): CodeIgniter\Database\MySQLi\Connection->execute('SELECT 1\nFROM `...')
#2 C:\xampp\htdocs\moe\system\Database\BaseConnection.php(641): CodeIgniter\Database\BaseConnection->simpleQuery('SELECT 1\nFROM `...')
#3 C:\xampp\htdocs\moe\system\Database\BaseBuilder.php(1866): CodeIgniter\Database\BaseConnection->query('SELECT 1\nFROM `...', Array, false)
#4 C:\xampp\htdocs\moe\system\Validation\Rules.php(212): CodeIgniter\Database\BaseBuilder->get()
#5 C:\xampp\htdocs\moe\system\Validation\Validation.php(306): CodeIgniter\Validation\Rules->is_unique('email@this.com', 'user_email', Array, NULL)
#6 C:\xampp\htdocs\moe\system\Validation\Validation.php(164): CodeIgniter\Validation\Validation->processRules('email', 'email', 'email@this.com', Array, Array)
#7 C:\xampp\htdocs\moe\system\Controller.php(181): CodeIgniter\Validation\Validation->run()
#8 C:\xampp\htdocs\moe\app\Controllers\Registrar.php(27): CodeIgniter\Controller->validate(Array)
#9 C:\xampp\htdocs\moe\system\CodeIgniter.php(936): App\Controllers\Registrar->save()
#10 C:\xampp\htdocs\moe\system\CodeIgniter.php(432): CodeIgniter\CodeIgniter->runController(Object(App\Controllers\Registrar))
#11 C:\xampp\htdocs\moe\system\CodeIgniter.php(333): CodeIgniter\CodeIgniter->handleRequest(NULL, Object(Config\Cache), false)
#12 C:\xampp\htdocs\moe\public\index.php(44): CodeIgniter\CodeIgniter->run()
#13 C:\xampp\htdocs\moe\system\Commands\Server\rewrite.php(45): require_once('C:\\xampp\\htdocs...')
#14 {main}
CRITICAL - 2021-04-26 17:39:50 --> Undefined property: CodeIgniter\View\View::$session
#0 C:\xampp\htdocs\moe\app\Views\dashboard.php(17): CodeIgniter\Debug\Exceptions->errorHandler(8, 'Undefined prope...', 'C:\\xampp\\htdocs...', 17, Array)
#1 C:\xampp\htdocs\moe\system\View\View.php(220): include('C:\\xampp\\htdocs...')
#2 C:\xampp\htdocs\moe\system\View\View.php(222): CodeIgniter\View\View->CodeIgniter\View\{closure}()
#3 C:\xampp\htdocs\moe\system\Common.php(1217): CodeIgniter\View\View->render('dashboard', Array, true)
#4 C:\xampp\htdocs\moe\app\Controllers\Dashboard.php(11): view('dashboard')
#5 C:\xampp\htdocs\moe\system\CodeIgniter.php(936): App\Controllers\Dashboard->index()
#6 C:\xampp\htdocs\moe\system\CodeIgniter.php(432): CodeIgniter\CodeIgniter->runController(Object(App\Controllers\Dashboard))
#7 C:\xampp\htdocs\moe\system\CodeIgniter.php(333): CodeIgniter\CodeIgniter->handleRequest(NULL, Object(Config\Cache), false)
#8 C:\xampp\htdocs\moe\public\index.php(44): CodeIgniter\CodeIgniter->run()
#9 C:\xampp\htdocs\moe\system\Commands\Server\rewrite.php(45): require_once('C:\\xampp\\htdocs...')
#10 {main}
CRITICAL - 2021-04-26 17:40:27 --> Undefined property: CodeIgniter\View\View::$session
#0 C:\xampp\htdocs\moe\app\Views\dashboard.php(17): CodeIgniter\Debug\Exceptions->errorHandler(8, 'Undefined prope...', 'C:\\xampp\\htdocs...', 17, Array)
#1 C:\xampp\htdocs\moe\system\View\View.php(220): include('C:\\xampp\\htdocs...')
#2 C:\xampp\htdocs\moe\system\View\View.php(222): CodeIgniter\View\View->CodeIgniter\View\{closure}()
#3 C:\xampp\htdocs\moe\system\Common.php(1217): CodeIgniter\View\View->render('dashboard', Array, true)
#4 C:\xampp\htdocs\moe\app\Controllers\Dashboard.php(11): view('dashboard')
#5 C:\xampp\htdocs\moe\system\CodeIgniter.php(936): App\Controllers\Dashboard->index()
#6 C:\xampp\htdocs\moe\system\CodeIgniter.php(432): CodeIgniter\CodeIgniter->runController(Object(App\Controllers\Dashboard))
#7 C:\xampp\htdocs\moe\system\CodeIgniter.php(333): CodeIgniter\CodeIgniter->handleRequest(NULL, Object(Config\Cache), false)
#8 C:\xampp\htdocs\moe\public\index.php(44): CodeIgniter\CodeIgniter->run()
#9 C:\xampp\htdocs\moe\system\Commands\Server\rewrite.php(45): require_once('C:\\xampp\\htdocs...')
#10 {main}
CRITICAL - 2021-04-26 17:42:10 --> Undefined property: CodeIgniter\View\View::$session
#0 C:\xampp\htdocs\moe\app\Views\dashboard.php(20): CodeIgniter\Debug\Exceptions->errorHandler(8, 'Undefined prope...', 'C:\\xampp\\htdocs...', 20, Array)
#1 C:\xampp\htdocs\moe\system\View\View.php(220): include('C:\\xampp\\htdocs...')
#2 C:\xampp\htdocs\moe\system\View\View.php(222): CodeIgniter\View\View->CodeIgniter\View\{closure}()
#3 C:\xampp\htdocs\moe\system\Common.php(1217): CodeIgniter\View\View->render('dashboard', Array, true)
#4 C:\xampp\htdocs\moe\app\Controllers\Dashboard.php(11): view('dashboard')
#5 C:\xampp\htdocs\moe\system\CodeIgniter.php(936): App\Controllers\Dashboard->index()
#6 C:\xampp\htdocs\moe\system\CodeIgniter.php(432): CodeIgniter\CodeIgniter->runController(Object(App\Controllers\Dashboard))
#7 C:\xampp\htdocs\moe\system\CodeIgniter.php(333): CodeIgniter\CodeIgniter->handleRequest(NULL, Object(Config\Cache), false)
#8 C:\xampp\htdocs\moe\public\index.php(44): CodeIgniter\CodeIgniter->run()
#9 C:\xampp\htdocs\moe\system\Commands\Server\rewrite.php(45): require_once('C:\\xampp\\htdocs...')
#10 {main}
CRITICAL - 2021-04-26 17:44:31 --> Object of class CodeIgniter\View\View could not be converted to string
#0 C:\xampp\htdocs\moe\app\Views\dashboard.php(17): CodeIgniter\Debug\Exceptions->errorHandler(4096, 'Object of class...', 'C:\\xampp\\htdocs...', 17, Array)
#1 C:\xampp\htdocs\moe\system\View\View.php(220): include('C:\\xampp\\htdocs...')
#2 C:\xampp\htdocs\moe\system\View\View.php(222): CodeIgniter\View\View->CodeIgniter\View\{closure}()
#3 C:\xampp\htdocs\moe\system\Common.php(1217): CodeIgniter\View\View->render('dashboard', Array, true)
#4 C:\xampp\htdocs\moe\app\Controllers\Dashboard.php(11): view('dashboard')
#5 C:\xampp\htdocs\moe\system\CodeIgniter.php(936): App\Controllers\Dashboard->index()
#6 C:\xampp\htdocs\moe\system\CodeIgniter.php(432): CodeIgniter\CodeIgniter->runController(Object(App\Controllers\Dashboard))
#7 C:\xampp\htdocs\moe\system\CodeIgniter.php(333): CodeIgniter\CodeIgniter->handleRequest(NULL, Object(Config\Cache), false)
#8 C:\xampp\htdocs\moe\public\index.php(44): CodeIgniter\CodeIgniter->run()
#9 C:\xampp\htdocs\moe\system\Commands\Server\rewrite.php(45): require_once('C:\\xampp\\htdocs...')
#10 {main}
CRITICAL - 2021-04-26 17:46:12 --> Undefined variable: session
#0 C:\xampp\htdocs\moe\app\Views\dashboard.php(17): CodeIgniter\Debug\Exceptions->errorHandler(8, 'Undefined varia...', 'C:\\xampp\\htdocs...', 17, Array)
#1 C:\xampp\htdocs\moe\system\View\View.php(220): include('C:\\xampp\\htdocs...')
#2 C:\xampp\htdocs\moe\system\View\View.php(222): CodeIgniter\View\View->CodeIgniter\View\{closure}()
#3 C:\xampp\htdocs\moe\system\Common.php(1217): CodeIgniter\View\View->render('dashboard', Array, true)
#4 C:\xampp\htdocs\moe\app\Controllers\Dashboard.php(11): view('dashboard')
#5 C:\xampp\htdocs\moe\system\CodeIgniter.php(936): App\Controllers\Dashboard->index()
#6 C:\xampp\htdocs\moe\system\CodeIgniter.php(432): CodeIgniter\CodeIgniter->runController(Object(App\Controllers\Dashboard))
#7 C:\xampp\htdocs\moe\system\CodeIgniter.php(333): CodeIgniter\CodeIgniter->handleRequest(NULL, Object(Config\Cache), false)
#8 C:\xampp\htdocs\moe\public\index.php(44): CodeIgniter\CodeIgniter->run()
#9 C:\xampp\htdocs\moe\system\Commands\Server\rewrite.php(45): require_once('C:\\xampp\\htdocs...')
#10 {main}
CRITICAL - 2021-04-26 17:46:30 --> syntax error, unexpected '.'
#0 C:\xampp\htdocs\moe\system\View\View.php(222): CodeIgniter\View\View->CodeIgniter\View\{closure}()
#1 C:\xampp\htdocs\moe\system\Common.php(1217): CodeIgniter\View\View->render('dashboard', Array, true)
#2 C:\xampp\htdocs\moe\app\Controllers\Dashboard.php(11): view('dashboard')
#3 C:\xampp\htdocs\moe\system\CodeIgniter.php(936): App\Controllers\Dashboard->index()
#4 C:\xampp\htdocs\moe\system\CodeIgniter.php(432): CodeIgniter\CodeIgniter->runController(Object(App\Controllers\Dashboard))
#5 C:\xampp\htdocs\moe\system\CodeIgniter.php(333): CodeIgniter\CodeIgniter->handleRequest(NULL, Object(Config\Cache), false)
#6 C:\xampp\htdocs\moe\public\index.php(44): CodeIgniter\CodeIgniter->run()
#7 C:\xampp\htdocs\moe\system\Commands\Server\rewrite.php(45): require_once('C:\\xampp\\htdocs...')
#8 {main}
CRITICAL - 2021-04-26 17:56:44 --> Class 'App\Controllers\UserModel' not found
#0 C:\xampp\htdocs\moe\system\CodeIgniter.php(936): App\Controllers\Dashboard->index()
#1 C:\xampp\htdocs\moe\system\CodeIgniter.php(432): CodeIgniter\CodeIgniter->runController(Object(App\Controllers\Dashboard))
#2 C:\xampp\htdocs\moe\system\CodeIgniter.php(333): CodeIgniter\CodeIgniter->handleRequest(NULL, Object(Config\Cache), false)
#3 C:\xampp\htdocs\moe\public\index.php(44): CodeIgniter\CodeIgniter->run()
#4 C:\xampp\htdocs\moe\system\Commands\Server\rewrite.php(45): require_once('C:\\xampp\\htdocs...')
#5 {main}
CRITICAL - 2021-04-26 18:00:26 --> Undefined variable: data
#0 C:\xampp\htdocs\moe\app\Views\dashboard.php(17): CodeIgniter\Debug\Exceptions->errorHandler(8, 'Undefined varia...', 'C:\\xampp\\htdocs...', 17, Array)
#1 C:\xampp\htdocs\moe\system\View\View.php(220): include('C:\\xampp\\htdocs...')
#2 C:\xampp\htdocs\moe\system\View\View.php(222): CodeIgniter\View\View->CodeIgniter\View\{closure}()
#3 C:\xampp\htdocs\moe\system\Common.php(1217): CodeIgniter\View\View->render('dashboard', Array, true)
#4 C:\xampp\htdocs\moe\app\Controllers\Dashboard.php(20): view('dashboard')
#5 C:\xampp\htdocs\moe\system\CodeIgniter.php(936): App\Controllers\Dashboard->index()
#6 C:\xampp\htdocs\moe\system\CodeIgniter.php(432): CodeIgniter\CodeIgniter->runController(Object(App\Controllers\Dashboard))
#7 C:\xampp\htdocs\moe\system\CodeIgniter.php(333): CodeIgniter\CodeIgniter->handleRequest(NULL, Object(Config\Cache), false)
#8 C:\xampp\htdocs\moe\public\index.php(44): CodeIgniter\CodeIgniter->run()
#9 C:\xampp\htdocs\moe\system\Commands\Server\rewrite.php(45): require_once('C:\\xampp\\htdocs...')
#10 {main}
CRITICAL - 2021-04-26 18:01:09 --> Undefined variable: data
#0 C:\xampp\htdocs\moe\app\Views\dashboard.php(17): CodeIgniter\Debug\Exceptions->errorHandler(8, 'Undefined varia...', 'C:\\xampp\\htdocs...', 17, Array)
#1 C:\xampp\htdocs\moe\system\View\View.php(220): include('C:\\xampp\\htdocs...')
#2 C:\xampp\htdocs\moe\system\View\View.php(222): CodeIgniter\View\View->CodeIgniter\View\{closure}()
#3 C:\xampp\htdocs\moe\system\Common.php(1217): CodeIgniter\View\View->render('dashboard', Array, true)
#4 C:\xampp\htdocs\moe\app\Controllers\Dashboard.php(20): view('dashboard')
#5 C:\xampp\htdocs\moe\system\CodeIgniter.php(936): App\Controllers\Dashboard->index()
#6 C:\xampp\htdocs\moe\system\CodeIgniter.php(432): CodeIgniter\CodeIgniter->runController(Object(App\Controllers\Dashboard))
#7 C:\xampp\htdocs\moe\system\CodeIgniter.php(333): CodeIgniter\CodeIgniter->handleRequest(NULL, Object(Config\Cache), false)
#8 C:\xampp\htdocs\moe\public\index.php(44): CodeIgniter\CodeIgniter->run()
#9 C:\xampp\htdocs\moe\system\Commands\Server\rewrite.php(45): require_once('C:\\xampp\\htdocs...')
#10 {main}
CRITICAL - 2021-04-26 18:05:23 --> syntax error, unexpected 'echo' (T_ECHO)
#0 C:\xampp\htdocs\moe\system\Autoloader\Autoloader.php(265): CodeIgniter\Autoloader\Autoloader->includeFile('C:\\xampp\\htdocs...')
#1 C:\xampp\htdocs\moe\system\Autoloader\Autoloader.php(228): CodeIgniter\Autoloader\Autoloader->loadInNamespace('App\\Controllers...')
#2 [internal function]: CodeIgniter\Autoloader\Autoloader->loadClass('App\\Controllers...')
#3 [internal function]: spl_autoload_call('App\\Controllers...')
#4 C:\xampp\htdocs\moe\system\CodeIgniter.php(893): class_exists('\\App\\Controller...', true)
#5 C:\xampp\htdocs\moe\system\CodeIgniter.php(417): CodeIgniter\CodeIgniter->startController()
#6 C:\xampp\htdocs\moe\system\CodeIgniter.php(333): CodeIgniter\CodeIgniter->handleRequest(NULL, Object(Config\Cache), false)
#7 C:\xampp\htdocs\moe\public\index.php(44): CodeIgniter\CodeIgniter->run()
#8 C:\xampp\htdocs\moe\system\Commands\Server\rewrite.php(45): require_once('C:\\xampp\\htdocs...')
#9 {main}
CRITICAL - 2021-04-26 18:06:23 --> syntax error, unexpected 'echo' (T_ECHO)
#0 C:\xampp\htdocs\moe\system\Autoloader\Autoloader.php(265): CodeIgniter\Autoloader\Autoloader->includeFile('C:\\xampp\\htdocs...')
#1 C:\xampp\htdocs\moe\system\Autoloader\Autoloader.php(228): CodeIgniter\Autoloader\Autoloader->loadInNamespace('App\\Controllers...')
#2 [internal function]: CodeIgniter\Autoloader\Autoloader->loadClass('App\\Controllers...')
#3 [internal function]: spl_autoload_call('App\\Controllers...')
#4 C:\xampp\htdocs\moe\system\CodeIgniter.php(893): class_exists('\\App\\Controller...', true)
#5 C:\xampp\htdocs\moe\system\CodeIgniter.php(417): CodeIgniter\CodeIgniter->startController()
#6 C:\xampp\htdocs\moe\system\CodeIgniter.php(333): CodeIgniter\CodeIgniter->handleRequest(NULL, Object(Config\Cache), false)
#7 C:\xampp\htdocs\moe\public\index.php(44): CodeIgniter\CodeIgniter->run()
#8 C:\xampp\htdocs\moe\system\Commands\Server\rewrite.php(45): require_once('C:\\xampp\\htdocs...')
#9 {main}
CRITICAL - 2021-04-26 18:06:58 --> syntax error, unexpected 'echo' (T_ECHO)
#0 C:\xampp\htdocs\moe\system\Autoloader\Autoloader.php(265): CodeIgniter\Autoloader\Autoloader->includeFile('C:\\xampp\\htdocs...')
#1 C:\xampp\htdocs\moe\system\Autoloader\Autoloader.php(228): CodeIgniter\Autoloader\Autoloader->loadInNamespace('App\\Controllers...')
#2 [internal function]: CodeIgniter\Autoloader\Autoloader->loadClass('App\\Controllers...')
#3 [internal function]: spl_autoload_call('App\\Controllers...')
#4 C:\xampp\htdocs\moe\system\CodeIgniter.php(893): class_exists('\\App\\Controller...', true)
#5 C:\xampp\htdocs\moe\system\CodeIgniter.php(417): CodeIgniter\CodeIgniter->startController()
#6 C:\xampp\htdocs\moe\system\CodeIgniter.php(333): CodeIgniter\CodeIgniter->handleRequest(NULL, Object(Config\Cache), false)
#7 C:\xampp\htdocs\moe\public\index.php(44): CodeIgniter\CodeIgniter->run()
#8 C:\xampp\htdocs\moe\system\Commands\Server\rewrite.php(45): require_once('C:\\xampp\\htdocs...')
#9 {main}
