CRITICAL - 2021-04-29 09:11:02 --> Undefined variable: session
#0 C:\xampp\htdocs\moe\app\Controllers\Dashboard.php(22): CodeIgniter\Debug\Exceptions->errorHandler(8, 'Undefined varia...', 'C:\\xampp\\htdocs...', 22, Array)
#1 C:\xampp\htdocs\moe\system\CodeIgniter.php(936): App\Controllers\Dashboard->index()
#2 C:\xampp\htdocs\moe\system\CodeIgniter.php(432): CodeIgniter\CodeIgniter->runController(Object(App\Controllers\Dashboard))
#3 C:\xampp\htdocs\moe\system\CodeIgniter.php(333): CodeIgniter\CodeIgniter->handleRequest(NULL, Object(Config\Cache), false)
#4 C:\xampp\htdocs\moe\public\index.php(44): CodeIgniter\CodeIgniter->run()
#5 C:\xampp\htdocs\moe\system\Commands\Server\rewrite.php(45): require_once('C:\\xampp\\htdocs...')
#6 {main}
CRITICAL - 2021-04-29 09:17:56 --> Undefined variable: session
#0 C:\xampp\htdocs\moe\app\Views\dashboard.php(21): CodeIgniter\Debug\Exceptions->errorHandler(8, 'Undefined varia...', 'C:\\xampp\\htdocs...', 21, Array)
#1 C:\xampp\htdocs\moe\system\View\View.php(220): include('C:\\xampp\\htdocs...')
#2 C:\xampp\htdocs\moe\system\View\View.php(222): CodeIgniter\View\View->CodeIgniter\View\{closure}()
#3 C:\xampp\htdocs\moe\system\Common.php(1217): CodeIgniter\View\View->render('dashboard', Array, true)
#4 C:\xampp\htdocs\moe\app\Controllers\Dashboard.php(29): view('dashboard')
#5 C:\xampp\htdocs\moe\system\CodeIgniter.php(936): App\Controllers\Dashboard->index()
#6 C:\xampp\htdocs\moe\system\CodeIgniter.php(432): CodeIgniter\CodeIgniter->runController(Object(App\Controllers\Dashboard))
#7 C:\xampp\htdocs\moe\system\CodeIgniter.php(333): CodeIgniter\CodeIgniter->handleRequest(NULL, Object(Config\Cache), false)
#8 C:\xampp\htdocs\moe\public\index.php(44): CodeIgniter\CodeIgniter->run()
#9 C:\xampp\htdocs\moe\system\Commands\Server\rewrite.php(45): require_once('C:\\xampp\\htdocs...')
#10 {main}
